<?xml version="1.0" encoding="UTF-8"?>
<testsuite xmlns:xsi="http://www.w3.org/2001/XMLSchema-instance" xsi:noNamespaceSchemaLocation="https://maven.apache.org/surefire/maven-surefire-plugin/xsd/surefire-test-report-3.0.xsd" version="3.0" name="TradingDayUtilsTest" time="0.153" tests="6" errors="0" skipped="0" failures="0">
  <properties>
[...]
</properties>
  <testcase name="testWeekendSunday" classname="TradingDayUtilsTest" time="0.119"/>
  <testcase name="testNewYearHoliday" classname="TradingDayUtilsTest" time="0.018"/>
  <testcase name="testWeekendSaturday" classname="TradingDayUtilsTest" time="0.001"/>
  <testcase name="testAfterNationalDay" classname="TradingDayUtilsTest" time="0.002"/>
  <testcase name="testNullInput" classname="TradingDayUtilsTest" time="0.001"/>
  <testcase name="testNormalTradingDay" classname="TradingDayUtilsTest" time="0.0"/>
</testsuite>